<?xml version="1.0" encoding="UTF-8"?>
<testng-results ignored="0" total="1" passed="1" failed="0" skipped="0">
  <reporter-output>
  </reporter-output>
  <suite started-at="2026-05-28T20:27:18 IST" name="Suite" finished-at="2026-05-28T20:27:18 IST" duration-ms="66">
    <groups>
      <group name="regression">
        <method signature="SampleTest.HouseColor()[pri:0, instance:practice.SampleTest@6c64cb25]" name="HouseColor" class="practice.SampleTest"/>
      </group> <!-- regression -->
    </groups>
    <test started-at="2026-05-28T20:27:18 IST" name="Test" finished-at="2026-05-28T20:27:18 IST" duration-ms="66">
      <class name="practice.SampleTest">
        <test-method signature="HouseColor()[pri:0, instance:practice.SampleTest@6c64cb25]" started-at="2026-05-28T20:27:18 IST" name="HouseColor" finished-at="2026-05-28T20:27:18 IST" duration-ms="9" status="PASS">
          <reporter-output>
          </reporter-output>
        </test-method> <!-- HouseColor -->
      </class> <!-- practice.SampleTest -->
    </test> <!-- Test -->
  </suite> <!-- Suite -->
</testng-results>
